<?xml version="1.0" encoding="UTF-8"?>
<!-- Generated by org.testng.reporters.JUnitReportReporter -->
<testsuite skipped="0" hostname="DESKTOP-8M0RT8Q" name="TestCases.LoginTest_O" tests="2" failures="0" timestamp="2021-05-31T21:15:26 IST" time="9.405" errors="0">
  <testcase name="invalid_login" time="2.384" classname="TestCases.LoginTest_O"/>
  <system-out/>
  <testcase name="valid_login" time="7.021" classname="TestCases.LoginTest_O"/>
  <system-out/>
</testsuite> <!-- TestCases.LoginTest_O -->
