<?xml version="1.0" encoding="UTF-8"?>
<!-- Generated by org.testng.reporters.JUnitReportReporter -->
<testsuite skipped="0" hostname="DESKTOP-8M0RT8Q" name="TestCases.ResetTest_O" tests="3" failures="0" timestamp="2021-05-31T21:15:26 IST" time="5.107" errors="0">
  <testcase name="forgetpass" time="1.270" classname="TestCases.ResetTest_O"/>
  <system-out/>
  <testcase name="forgetpassSet" time="2.509" classname="TestCases.ResetTest_O"/>
  <system-out/>
  <testcase name="gback" time="1.328" classname="TestCases.ResetTest_O"/>
  <system-out/>
</testsuite> <!-- TestCases.ResetTest_O -->
