<?xml version="1.0" encoding="UTF-8"?>
<!-- Generated by org.testng.reporters.JUnitReportReporter -->
<testsuite skipped="0" hostname="DESKTOP-8M0RT8Q" name="HRM.Orange.AppTest" tests="1" failures="0" timestamp="2021-05-31T14:33:45 IST" time="0.013" errors="0">
  <testcase name="testApp" time="0.013" classname="HRM.Orange.AppTest"/>
  <system-out/>
</testsuite> <!-- HRM.Orange.AppTest -->
