<?xml version="1.0" encoding="UTF-8"?>
<!-- Generated by org.testng.reporters.JUnitReportReporter -->
<testsuite skipped="0" hostname="DESKTOP-8M0RT8Q" name="TestCases.ResetTest_O" tests="3" failures="0" timestamp="2021-05-31T14:25:54 IST" time="4.451" errors="0">
  <testcase name="forgetpass" time="1.455" classname="TestCases.ResetTest_O"/>
  <system-out/>
  <testcase name="forgetpassSet" time="1.629" classname="TestCases.ResetTest_O"/>
  <system-out/>
  <testcase name="gback" time="1.367" classname="TestCases.ResetTest_O"/>
  <system-out/>
</testsuite> <!-- TestCases.ResetTest_O -->
